<?xml version="1.0" encoding="UTF-8"?>
<testsuite xmlns:xsi="http://www.w3.org/2001/XMLSchema-instance" xsi:noNamespaceSchemaLocation="https://maven.apache.org/surefire/maven-surefire-plugin/xsd/surefire-test-report-3.0.xsd" version="3.0" name="com.revconnect.services.UserServiceTest" time="1.166" tests="5" errors="0" skipped="0" failures="0">
  <properties>
[...]
</properties>
  <testcase name="testUserServiceCreation" classname="com.revconnect.services.UserServiceTest" time="1.081"/>
  <testcase name="testSearchUsers" classname="com.revconnect.services.UserServiceTest" time="0.004"/>
  <testcase name="testBasicAssertions" classname="com.revconnect.services.UserServiceTest" time="0.01"/>
  <testcase name="testGetUserByUsername" classname="com.revconnect.services.UserServiceTest" time="0.002"/>
  <testcase name="testGetUserById" classname="com.revconnect.services.UserServiceTest" time="0.003"/>
</testsuite>